# JRE version: OpenJDK Runtime Environment Temurin-22.0.2+9 (22.0.2+9) (build 22.0.2+9)
# Java VM: OpenJDK 64-Bit Server VM Temurin-22.0.2+9 (22.0.2+9, mixed mode, emulated-client, sharing, tiered, compressed oops, compressed class ptrs, g1 gc, windows-amd64)
GC Precious Log:
 CardTable entry size: 512
 Card Set container configuration: InlinePtr #cards 5 size 8 Array Of Cards #cards 12 size 40 Howl #buckets 4 coarsen threshold 1843 Howl Bitmap #cards 512 size 80 coarsen threshold 460 Card regions per heap region 1 cards per card region 2048
 CPUs: 2 total, 2 available
 Memory: 3918M
 Large Page Support: Disabled
 NUMA Support: Disabled
 Compressed Oops: Enabled (32-bit)
 Heap Region Size: 1M
 Heap Min Capacity: 8M
 Heap Initial Capacity: 62M
 Heap Max Capacity: 980M
 Pre-touch: Disabled
 Parallel Workers: 2
 Concurrent Workers: 1
 Concurrent Refinement Workers: 2
 Periodic GC: Disabled
Heap:
 garbage-first heap   total reserved 1003520K, committed 257024K, used 149504K [0x00000000c2c00000, 0x0000000100000000)
  region size 1024K, 10 young (10240K), 10 survivors (10240K)
 Metaspace       used 115254K, committed 116992K, reserved 1179648K
  class space    used 17036K, committed 17792K, reserved 1048576K
GC Heap History (20 events):
Event: 150.598 GC heap after
{Heap after GC invocations=56 (full 0):
 garbage-first heap   total reserved 1003520K, committed 242688K, used 139264K [0x00000000c2c00000, 0x0000000100000000)
  region size 1024K, 5 young (5120K), 5 survivors (5120K)
 Metaspace       used 110813K, committed 112320K, reserved 1179648K
  class space    used 16302K, committed 16960K, reserved 1048576K
}
Event: 152.823 GC heap before
{Heap before GC invocations=57 (full 0):
 garbage-first heap   total reserved 1003520K, committed 242688K, used 222208K [0x00000000c2c00000, 0x0000000100000000)
  region size 1024K, 85 young (87040K), 5 survivors (5120K)
 Metaspace       used 110999K, committed 112640K, reserved 1179648K
  class space    used 16344K, committed 17088K, reserved 1048576K
}
Event: 152.872 GC heap after
{Heap after GC invocations=58 (full 0):
 garbage-first heap   total reserved 1003520K, committed 242688K, used 143360K [0x00000000c2c00000, 0x0000000100000000)
  region size 1024K, 9 young (9216K), 9 survivors (9216K)
 Metaspace       used 110999K, committed 112640K, reserved 1179648K
  class space    used 16344K, committed 17088K, reserved 1048576K
}
Event: 154.680 GC heap before
{Heap before GC invocations=58 (full 0):
 garbage-first heap   total reserved 1003520K, committed 242688K, used 218112K [0x00000000c2c00000, 0x0000000100000000)
  region size 1024K, 83 young (84992K), 9 survivors (9216K)
 Metaspace       used 112975K, committed 114688K, reserved 1179648K
  class space    used 16715K, committed 17472K, reserved 1048576K
}
Event: 154.800 GC heap after
{Heap after GC invocations=59 (full 0):
 garbage-first heap   total reserved 1003520K, committed 242688K, used 141972K [0x00000000c2c00000, 0x0000000100000000)
  region size 1024K, 6 young (6144K), 6 survivors (6144K)
 Metaspace       used 112975K, committed 114688K, reserved 1179648K
  class space    used 16715K, committed 17472K, reserved 1048576K
}
Event: 169.276 GC heap before
{Heap before GC invocations=59 (full 0):
 garbage-first heap   total reserved 1003520K, committed 242688K, used 177812K [0x00000000c2c00000, 0x0000000100000000)
  region size 1024K, 43 young (44032K), 6 survivors (6144K)
 Metaspace       used 113942K, committed 115776K, reserved 1179648K
  class space    used 16896K, committed 17728K, reserved 1048576K
}
Event: 169.294 GC heap after
{Heap after GC invocations=60 (full 0):
 garbage-first heap   total reserved 1003520K, committed 242688K, used 144384K [0x00000000c2c00000, 0x0000000100000000)
  region size 1024K, 8 young (8192K), 8 survivors (8192K)
 Metaspace       used 113942K, committed 115776K, reserved 1179648K
  class space    used 16896K, committed 17728K, reserved 1048576K
}
Event: 180.054 GC heap before
{Heap before GC invocations=61 (full 0):
 garbage-first heap   total reserved 1003520K, committed 252928K, used 228352K [0x00000000c2c00000, 0x0000000100000000)
  region size 1024K, 83 young (84992K), 8 survivors (8192K)
 Metaspace       used 114732K, committed 116544K, reserved 1179648K
  class space    used 16960K, committed 17792K, reserved 1048576K
}
Event: 180.287 GC heap after
{Heap after GC invocations=62 (full 0):
 garbage-first heap   total reserved 1003520K, committed 252928K, used 157160K [0x00000000c2c00000, 0x0000000100000000)
  region size 1024K, 11 young (11264K), 11 survivors (11264K)
 Metaspace       used 114732K, committed 116544K, reserved 1179648K
  class space    used 16960K, committed 17792K, reserved 1048576K
}
Event: 182.811 GC heap before
{Heap before GC invocations=62 (full 0):
 garbage-first heap   total reserved 1003520K, committed 252928K, used 241128K [0x00000000c2c00000, 0x0000000100000000)
  region size 1024K, 80 young (81920K), 11 survivors (11264K)
 Metaspace       used 114732K, committed 116544K, reserved 1179648K
  class space    used 16960K, committed 17792K, reserved 1048576K
}
Event: 182.861 GC heap after
{Heap after GC invocations=63 (full 0):
 garbage-first heap   total reserved 1003520K, committed 257024K, used 155648K [0x00000000c2c00000, 0x0000000100000000)
  region size 1024K, 1 young (1024K), 1 survivors (1024K)
 Metaspace       used 114732K, committed 116544K, reserved 1179648K
  class space    used 16960K, committed 17792K, reserved 1048576K
}
Event: 182.941 GC heap before
{Heap before GC invocations=63 (full 0):
 garbage-first heap   total reserved 1003520K, committed 257024K, used 161792K [0x00000000c2c00000, 0x0000000100000000)
  region size 1024K, 8 young (8192K), 1 survivors (1024K)
 Metaspace       used 114732K, committed 116544K, reserved 1179648K
  class space    used 16960K, committed 17792K, reserved 1048576K
}
Event: 182.948 GC heap after
{Heap after GC invocations=64 (full 0):
 garbage-first heap   total reserved 1003520K, committed 257024K, used 155165K [0x00000000c2c00000, 0x0000000100000000)
  region size 1024K, 1 young (1024K), 1 survivors (1024K)
 Metaspace       used 114732K, committed 116544K, reserved 1179648K
  class space    used 16960K, committed 17792K, reserved 1048576K
}
Event: 191.988 GC heap before
{Heap before GC invocations=65 (full 0):
 garbage-first heap   total reserved 1003520K, committed 257024K, used 242205K [0x00000000c2c00000, 0x0000000100000000)
  region size 1024K, 84 young (86016K), 1 survivors (1024K)
 Metaspace       used 115061K, committed 116800K, reserved 1179648K
  class space    used 17001K, committed 17792K, reserved 1048576K
}
Event: 192.044 GC heap after
{Heap after GC invocations=66 (full 0):
 garbage-first heap   total reserved 1003520K, committed 257024K, used 158026K [0x00000000c2c00000, 0x0000000100000000)
  region size 1024K, 7 young (7168K), 7 survivors (7168K)
 Metaspace       used 115061K, committed 116800K, reserved 1179648K
  class space    used 17001K, committed 17792K, reserved 1048576K
}
Event: 193.550 GC heap before
{Heap before GC invocations=66 (full 0):
 garbage-first heap   total reserved 1003520K, committed 257024K, used 233802K [0x00000000c2c00000, 0x0000000100000000)
  region size 1024K, 82 young (83968K), 7 survivors (7168K)
 Metaspace       used 115214K, committed 116928K, reserved 1179648K
  class space    used 17030K, committed 17792K, reserved 1048576K
}
Event: 193.629 GC heap after
{Heap after GC invocations=67 (full 0):
 garbage-first heap   total reserved 1003520K, committed 257024K, used 143268K [0x00000000c2c00000, 0x0000000100000000)
  region size 1024K, 4 young (4096K), 4 survivors (4096K)
 Metaspace       used 115214K, committed 116928K, reserved 1179648K
  class space    used 17030K, committed 17792K, reserved 1048576K
}
Event: 193.652 GC heap before
{Heap before GC invocations=67 (full 0):
 garbage-first heap   total reserved 1003520K, committed 257024K, used 144292K [0x00000000c2c00000, 0x0000000100000000)
  region size 1024K, 6 young (6144K), 4 survivors (4096K)
 Metaspace       used 115214K, committed 116928K, reserved 1179648K
  class space    used 17030K, committed 17792K, reserved 1048576K
}
Event: 193.668 GC heap after
{Heap after GC invocations=68 (full 0):
 garbage-first heap   total reserved 1003520K, committed 257024K, used 143360K [0x00000000c2c00000, 0x0000000100000000)
  region size 1024K, 4 young (4096K), 4 survivors (4096K)
 Metaspace       used 115214K, committed 116928K, reserved 1179648K
  class space    used 17030K, committed 17792K, reserved 1048576K
}
Event: 195.632 GC heap before
{Heap before GC invocations=69 (full 0):
 garbage-first heap   total reserved 1003520K, committed 257024K, used 240640K [0x00000000c2c00000, 0x0000000100000000)
  region size 1024K, 97 young (99328K), 4 survivors (4096K)
 Metaspace       used 115254K, committed 116992K, reserved 1179648K
  class space    used 17036K, committed 17792K, reserved 1048576K
}

